[INFO] Scanning for projects...
[INFO] 
[INFO] ----------------< com.tribe:Amravati-Connect-ZLC-MERN >-----------------
[INFO] Building Amravati-Connect-ZLC-MERN 0.0.1-SNAPSHOT
[INFO]   from pom.xml
[INFO] --------------------------------[ jar ]---------------------------------
[INFO] 
[INFO] --- resources:3.3.1:resources (default-resources) @ Amravati-Connect-ZLC-MERN ---
[INFO] Copying 1 resource from src\main\resources to target\classes
[INFO] Copying 0 resource from src\main\resources to target\classes
[INFO] 
[INFO] --- compiler:3.14.1:compile (default-compile) @ Amravati-Connect-ZLC-MERN ---
[INFO] Recompiling the module because of changed source code.
[INFO] Compiling 45 source files with javac [debug parameters release 17] to target\classes
[INFO] -------------------------------------------------------------
[ERROR] COMPILATION ERROR : 
[INFO] -------------------------------------------------------------
[ERROR] /C:/Users/SACHIN GHADASHI/OneDrive/Desktop/repos/Connect-Amravati-ZLC-MERN/backend/src/main/java/com/tribe/set/controller/TaskController.java:[18,38] package com.fasterxml.jackson.databind does not exist
[ERROR] /C:/Users/SACHIN GHADASHI/OneDrive/Desktop/repos/Connect-Amravati-ZLC-MERN/backend/src/main/java/com/tribe/set/controller/TaskController.java:[39,13] cannot find symbol
  symbol:   class ObjectMapper
  location: class com.tribe.set.controller.TaskController
[INFO] 2 errors 
[INFO] -------------------------------------------------------------
[INFO] ------------------------------------------------------------------------
[INFO] BUILD FAILURE
[INFO] ------------------------------------------------------------------------
[INFO] Total time:  10.888 s
[INFO] Finished at: 2026-03-31T09:50:44+05:30
[INFO] ------------------------------------------------------------------------
[ERROR] Failed to execute goal org.apache.maven.plugins:maven-compiler-plugin:3.14.1:compile (default-compile) on project Amravati-Connect-ZLC-MERN: Compilation failure: Compilation failure: 
[ERROR] /C:/Users/SACHIN GHADASHI/OneDrive/Desktop/repos/Connect-Amravati-ZLC-MERN/backend/src/main/java/com/tribe/set/controller/TaskController.java:[18,38] package com.fasterxml.jackson.databind does not exist
[ERROR] /C:/Users/SACHIN GHADASHI/OneDrive/Desktop/repos/Connect-Amravati-ZLC-MERN/backend/src/main/java/com/tribe/set/controller/TaskController.java:[39,13] cannot find symbol
[ERROR]   symbol:   class ObjectMapper
[ERROR]   location: class com.tribe.set.controller.TaskController
[ERROR] -> [Help 1]
[ERROR] 
[ERROR] To see the full stack trace of the errors, re-run Maven with the -e switch.
[ERROR] Re-run Maven using the -X switch to enable full debug logging.
[ERROR] 
[ERROR] For more information about the errors and possible solutions, please read the following articles:
[ERROR] [Help 1] http://cwiki.apache.org/confluence/display/MAVEN/MojoFailureException
